<?xml version="1.0" encoding="UTF-8"?>
<testsuite xmlns:xsi="http://www.w3.org/2001/XMLSchema-instance" xsi:noNamespaceSchemaLocation="https://maven.apache.org/surefire/maven-surefire-plugin/xsd/surefire-test-report.xsd" name="org.example.AppTest" time="0.138" tests="1" errors="0" skipped="0" failures="0">
  <properties>
    <property name="sun.desktop" value="windows"/>
    <property name="awt.toolkit" value="sun.awt.windows.WToolkit"/>
    <property name="file.encoding.pkg" value="sun.io"/>
    <property name="java.specification.version" value="1.8"/>
    <property name="sun.cpu.isalist" value="amd64"/>
    <property name="sun.jnu.encoding" value="Cp1252"/>
    <property name="java.class.path" value="D:\projects\java\kuliah\KUIS2-BIGDATA\target\test-classes;D:\projects\java\kuliah\KUIS2-BIGDATA\target\classes;C:\Users\User-Asus\.m2\repository\junit\junit\4.11\junit-4.11.jar;C:\Users\User-Asus\.m2\repository\org\hamcrest\hamcrest-core\1.3\hamcrest-core-1.3.jar;C:\Users\User-Asus\.m2\repository\org\apache\hadoop\hadoop-core\1.2.1\hadoop-core-1.2.1.jar;C:\Users\User-Asus\.m2\repository\commons-cli\commons-cli\1.2\commons-cli-1.2.jar;C:\Users\User-Asus\.m2\repository\xmlenc\xmlenc\0.52\xmlenc-0.52.jar;C:\Users\User-Asus\.m2\repository\com\sun\jersey\jersey-core\1.8\jersey-core-1.8.jar;C:\Users\User-Asus\.m2\repository\com\sun\jersey\jersey-json\1.8\jersey-json-1.8.jar;C:\Users\User-Asus\.m2\repository\org\codehaus\jettison\jettison\1.1\jettison-1.1.jar;C:\Users\User-Asus\.m2\repository\stax\stax-api\1.0.1\stax-api-1.0.1.jar;C:\Users\User-Asus\.m2\repository\com\sun\xml\bind\jaxb-impl\2.2.3-1\jaxb-impl-2.2.3-1.jar;C:\Users\User-Asus\.m2\repository\javax\xml\bind\jaxb-api\2.2.2\jaxb-api-2.2.2.jar;C:\Users\User-Asus\.m2\repository\javax\xml\stream\stax-api\1.0-2\stax-api-1.0-2.jar;C:\Users\User-Asus\.m2\repository\javax\activation\activation\1.1\activation-1.1.jar;C:\Users\User-Asus\.m2\repository\org\codehaus\jackson\jackson-core-asl\1.7.1\jackson-core-asl-1.7.1.jar;C:\Users\User-Asus\.m2\repository\org\codehaus\jackson\jackson-jaxrs\1.7.1\jackson-jaxrs-1.7.1.jar;C:\Users\User-Asus\.m2\repository\org\codehaus\jackson\jackson-xc\1.7.1\jackson-xc-1.7.1.jar;C:\Users\User-Asus\.m2\repository\com\sun\jersey\jersey-server\1.8\jersey-server-1.8.jar;C:\Users\User-Asus\.m2\repository\asm\asm\3.1\asm-3.1.jar;C:\Users\User-Asus\.m2\repository\commons-io\commons-io\2.1\commons-io-2.1.jar;C:\Users\User-Asus\.m2\repository\commons-httpclient\commons-httpclient\3.0.1\commons-httpclient-3.0.1.jar;C:\Users\User-Asus\.m2\repository\commons-codec\commons-codec\1.4\commons-codec-1.4.jar;C:\Users\User-Asus\.m2\repository\org\apache\commons\commons-math\2.1\commons-math-2.1.jar;C:\Users\User-Asus\.m2\repository\commons-configuration\commons-configuration\1.6\commons-configuration-1.6.jar;C:\Users\User-Asus\.m2\repository\commons-collections\commons-collections\3.2.1\commons-collections-3.2.1.jar;C:\Users\User-Asus\.m2\repository\commons-lang\commons-lang\2.4\commons-lang-2.4.jar;C:\Users\User-Asus\.m2\repository\commons-digester\commons-digester\1.8\commons-digester-1.8.jar;C:\Users\User-Asus\.m2\repository\commons-beanutils\commons-beanutils\1.7.0\commons-beanutils-1.7.0.jar;C:\Users\User-Asus\.m2\repository\commons-beanutils\commons-beanutils-core\1.8.0\commons-beanutils-core-1.8.0.jar;C:\Users\User-Asus\.m2\repository\commons-net\commons-net\1.4.1\commons-net-1.4.1.jar;C:\Users\User-Asus\.m2\repository\org\mortbay\jetty\jetty\6.1.26\jetty-6.1.26.jar;C:\Users\User-Asus\.m2\repository\org\mortbay\jetty\servlet-api\2.5-20081211\servlet-api-2.5-20081211.jar;C:\Users\User-Asus\.m2\repository\org\mortbay\jetty\jetty-util\6.1.26\jetty-util-6.1.26.jar;C:\Users\User-Asus\.m2\repository\tomcat\jasper-runtime\5.5.12\jasper-runtime-5.5.12.jar;C:\Users\User-Asus\.m2\repository\tomcat\jasper-compiler\5.5.12\jasper-compiler-5.5.12.jar;C:\Users\User-Asus\.m2\repository\org\mortbay\jetty\jsp-api-2.1\6.1.14\jsp-api-2.1-6.1.14.jar;C:\Users\User-Asus\.m2\repository\org\mortbay\jetty\servlet-api-2.5\6.1.14\servlet-api-2.5-6.1.14.jar;C:\Users\User-Asus\.m2\repository\org\mortbay\jetty\jsp-2.1\6.1.14\jsp-2.1-6.1.14.jar;C:\Users\User-Asus\.m2\repository\ant\ant\1.6.5\ant-1.6.5.jar;C:\Users\User-Asus\.m2\repository\commons-el\commons-el\1.0\commons-el-1.0.jar;C:\Users\User-Asus\.m2\repository\net\java\dev\jets3t\jets3t\0.6.1\jets3t-0.6.1.jar;C:\Users\User-Asus\.m2\repository\hsqldb\hsqldb\1.8.0.10\hsqldb-1.8.0.10.jar;C:\Users\User-Asus\.m2\repository\oro\oro\2.0.8\oro-2.0.8.jar;C:\Users\User-Asus\.m2\repository\org\eclipse\jdt\core\3.1.1\core-3.1.1.jar;C:\Users\User-Asus\.m2\repository\org\codehaus\jackson\jackson-mapper-asl\1.8.8\jackson-mapper-asl-1.8.8.jar;C:\Users\User-Asus\.m2\repository\org\apache\mrunit\mrunit\0.8.0-incubating\mrunit-0.8.0-incubating.jar;C:\Users\User-Asus\.m2\repository\commons-logging\commons-logging\1.1.1\commons-logging-1.1.1.jar;C:\Users\User-Asus\.m2\repository\log4j\log4j\1.2.15\log4j-1.2.15.jar;C:\Users\User-Asus\.m2\repository\org\mockito\mockito-all\1.8.5\mockito-all-1.8.5.jar;"/>
    <property name="java.vm.vendor" value="Oracle Corporation"/>
    <property name="sun.arch.data.model" value="64"/>
    <property name="user.variant" value=""/>
    <property name="java.vendor.url" value="http://java.oracle.com/"/>
    <property name="user.timezone" value="Asia/Bangkok"/>
    <property name="java.vm.specification.version" value="1.8"/>
    <property name="os.name" value="Windows 10"/>
    <property name="user.country" value="ID"/>
    <property name="sun.java.launcher" value="SUN_STANDARD"/>
    <property name="sun.boot.library.path" value="C:\Program Files\Java\jdk1.8.0_60\jre\bin"/>
    <property name="sun.java.command" value="C:\Users\USER-A~1\AppData\Local\Temp\surefire5598468454288154301\surefirebooter5569708412814205881.jar C:\Users\User-Asus\AppData\Local\Temp\surefire5598468454288154301 2022-05-18T20-30-35_455-jvmRun1 surefire2753992527303688848tmp surefire_02692477174127104895tmp"/>
    <property name="surefire.test.class.path" value="D:\projects\java\kuliah\KUIS2-BIGDATA\target\test-classes;D:\projects\java\kuliah\KUIS2-BIGDATA\target\classes;C:\Users\User-Asus\.m2\repository\junit\junit\4.11\junit-4.11.jar;C:\Users\User-Asus\.m2\repository\org\hamcrest\hamcrest-core\1.3\hamcrest-core-1.3.jar;C:\Users\User-Asus\.m2\repository\org\apache\hadoop\hadoop-core\1.2.1\hadoop-core-1.2.1.jar;C:\Users\User-Asus\.m2\repository\commons-cli\commons-cli\1.2\commons-cli-1.2.jar;C:\Users\User-Asus\.m2\repository\xmlenc\xmlenc\0.52\xmlenc-0.52.jar;C:\Users\User-Asus\.m2\repository\com\sun\jersey\jersey-core\1.8\jersey-core-1.8.jar;C:\Users\User-Asus\.m2\repository\com\sun\jersey\jersey-json\1.8\jersey-json-1.8.jar;C:\Users\User-Asus\.m2\repository\org\codehaus\jettison\jettison\1.1\jettison-1.1.jar;C:\Users\User-Asus\.m2\repository\stax\stax-api\1.0.1\stax-api-1.0.1.jar;C:\Users\User-Asus\.m2\repository\com\sun\xml\bind\jaxb-impl\2.2.3-1\jaxb-impl-2.2.3-1.jar;C:\Users\User-Asus\.m2\repository\javax\xml\bind\jaxb-api\2.2.2\jaxb-api-2.2.2.jar;C:\Users\User-Asus\.m2\repository\javax\xml\stream\stax-api\1.0-2\stax-api-1.0-2.jar;C:\Users\User-Asus\.m2\repository\javax\activation\activation\1.1\activation-1.1.jar;C:\Users\User-Asus\.m2\repository\org\codehaus\jackson\jackson-core-asl\1.7.1\jackson-core-asl-1.7.1.jar;C:\Users\User-Asus\.m2\repository\org\codehaus\jackson\jackson-jaxrs\1.7.1\jackson-jaxrs-1.7.1.jar;C:\Users\User-Asus\.m2\repository\org\codehaus\jackson\jackson-xc\1.7.1\jackson-xc-1.7.1.jar;C:\Users\User-Asus\.m2\repository\com\sun\jersey\jersey-server\1.8\jersey-server-1.8.jar;C:\Users\User-Asus\.m2\repository\asm\asm\3.1\asm-3.1.jar;C:\Users\User-Asus\.m2\repository\commons-io\commons-io\2.1\commons-io-2.1.jar;C:\Users\User-Asus\.m2\repository\commons-httpclient\commons-httpclient\3.0.1\commons-httpclient-3.0.1.jar;C:\Users\User-Asus\.m2\repository\commons-codec\commons-codec\1.4\commons-codec-1.4.jar;C:\Users\User-Asus\.m2\repository\org\apache\commons\commons-math\2.1\commons-math-2.1.jar;C:\Users\User-Asus\.m2\repository\commons-configuration\commons-configuration\1.6\commons-configuration-1.6.jar;C:\Users\User-Asus\.m2\repository\commons-collections\commons-collections\3.2.1\commons-collections-3.2.1.jar;C:\Users\User-Asus\.m2\repository\commons-lang\commons-lang\2.4\commons-lang-2.4.jar;C:\Users\User-Asus\.m2\repository\commons-digester\commons-digester\1.8\commons-digester-1.8.jar;C:\Users\User-Asus\.m2\repository\commons-beanutils\commons-beanutils\1.7.0\commons-beanutils-1.7.0.jar;C:\Users\User-Asus\.m2\repository\commons-beanutils\commons-beanutils-core\1.8.0\commons-beanutils-core-1.8.0.jar;C:\Users\User-Asus\.m2\repository\commons-net\commons-net\1.4.1\commons-net-1.4.1.jar;C:\Users\User-Asus\.m2\repository\org\mortbay\jetty\jetty\6.1.26\jetty-6.1.26.jar;C:\Users\User-Asus\.m2\repository\org\mortbay\jetty\servlet-api\2.5-20081211\servlet-api-2.5-20081211.jar;C:\Users\User-Asus\.m2\repository\org\mortbay\jetty\jetty-util\6.1.26\jetty-util-6.1.26.jar;C:\Users\User-Asus\.m2\repository\tomcat\jasper-runtime\5.5.12\jasper-runtime-5.5.12.jar;C:\Users\User-Asus\.m2\repository\tomcat\jasper-compiler\5.5.12\jasper-compiler-5.5.12.jar;C:\Users\User-Asus\.m2\repository\org\mortbay\jetty\jsp-api-2.1\6.1.14\jsp-api-2.1-6.1.14.jar;C:\Users\User-Asus\.m2\repository\org\mortbay\jetty\servlet-api-2.5\6.1.14\servlet-api-2.5-6.1.14.jar;C:\Users\User-Asus\.m2\repository\org\mortbay\jetty\jsp-2.1\6.1.14\jsp-2.1-6.1.14.jar;C:\Users\User-Asus\.m2\repository\ant\ant\1.6.5\ant-1.6.5.jar;C:\Users\User-Asus\.m2\repository\commons-el\commons-el\1.0\commons-el-1.0.jar;C:\Users\User-Asus\.m2\repository\net\java\dev\jets3t\jets3t\0.6.1\jets3t-0.6.1.jar;C:\Users\User-Asus\.m2\repository\hsqldb\hsqldb\1.8.0.10\hsqldb-1.8.0.10.jar;C:\Users\User-Asus\.m2\repository\oro\oro\2.0.8\oro-2.0.8.jar;C:\Users\User-Asus\.m2\repository\org\eclipse\jdt\core\3.1.1\core-3.1.1.jar;C:\Users\User-Asus\.m2\repository\org\codehaus\jackson\jackson-mapper-asl\1.8.8\jackson-mapper-asl-1.8.8.jar;C:\Users\User-Asus\.m2\repository\org\apache\mrunit\mrunit\0.8.0-incubating\mrunit-0.8.0-incubating.jar;C:\Users\User-Asus\.m2\repository\commons-logging\commons-logging\1.1.1\commons-logging-1.1.1.jar;C:\Users\User-Asus\.m2\repository\log4j\log4j\1.2.15\log4j-1.2.15.jar;C:\Users\User-Asus\.m2\repository\org\mockito\mockito-all\1.8.5\mockito-all-1.8.5.jar;"/>
    <property name="sun.cpu.endian" value="little"/>
    <property name="user.home" value="C:\Users\User-Asus"/>
    <property name="user.language" value="en"/>
    <property name="java.specification.vendor" value="Oracle Corporation"/>
    <property name="java.home" value="C:\Program Files\Java\jdk1.8.0_60\jre"/>
    <property name="basedir" value="D:\projects\java\kuliah\KUIS2-BIGDATA"/>
    <property name="file.separator" value="\"/>
    <property name="line.separator" value="&#10;"/>
    <property name="java.vm.specification.vendor" value="Oracle Corporation"/>
    <property name="java.specification.name" value="Java Platform API Specification"/>
    <property name="java.awt.graphicsenv" value="sun.awt.Win32GraphicsEnvironment"/>
    <property name="surefire.real.class.path" value="C:\Users\USER-A~1\AppData\Local\Temp\surefire5598468454288154301\surefirebooter5569708412814205881.jar"/>
    <property name="sun.boot.class.path" value="C:\Program Files\Java\jdk1.8.0_60\jre\lib\resources.jar;C:\Program Files\Java\jdk1.8.0_60\jre\lib\rt.jar;C:\Program Files\Java\jdk1.8.0_60\jre\lib\sunrsasign.jar;C:\Program Files\Java\jdk1.8.0_60\jre\lib\jsse.jar;C:\Program Files\Java\jdk1.8.0_60\jre\lib\jce.jar;C:\Program Files\Java\jdk1.8.0_60\jre\lib\charsets.jar;C:\Program Files\Java\jdk1.8.0_60\jre\lib\jfr.jar;C:\Program Files\Java\jdk1.8.0_60\jre\classes"/>
    <property name="user.script" value=""/>
    <property name="sun.management.compiler" value="HotSpot 64-Bit Tiered Compilers"/>
    <property name="java.runtime.version" value="1.8.0_60-b27"/>
    <property name="user.name" value="User-Asus"/>
    <property name="path.separator" value=";"/>
    <property name="os.version" value="10.0"/>
    <property name="java.endorsed.dirs" value="C:\Program Files\Java\jdk1.8.0_60\jre\lib\endorsed"/>
    <property name="java.runtime.name" value="Java(TM) SE Runtime Environment"/>
    <property name="file.encoding" value="Cp1252"/>
    <property name="java.vm.name" value="Java HotSpot(TM) 64-Bit Server VM"/>
    <property name="localRepository" value="C:\Users\User-Asus\.m2\repository"/>
    <property name="java.vendor.url.bug" value="http://bugreport.sun.com/bugreport/"/>
    <property name="java.io.tmpdir" value="C:\Users\USER-A~1\AppData\Local\Temp\"/>
    <property name="idea.version" value="2022.1"/>
    <property name="java.version" value="1.8.0_60"/>
    <property name="user.dir" value="D:\projects\java\kuliah\KUIS2-BIGDATA"/>
    <property name="os.arch" value="amd64"/>
    <property name="java.vm.specification.name" value="Java Virtual Machine Specification"/>
    <property name="java.awt.printerjob" value="sun.awt.windows.WPrinterJob"/>
    <property name="sun.os.patch.level" value=""/>
    <property name="java.library.path" value="C:\Program Files\Java\jdk1.8.0_60\jre\bin;C:\Windows\Sun\Java\bin;C:\Windows\system32;C:\Windows;C:\ProgramData\Oracle\Java\javapath;C:\src\flutter\.pub-cache\bin;C:\src\flutter\bin\cache\dart-sdk\bin;C:\src\flutter\bin;C:\Windows\system32;C:\Windows;C:\Windows\System32\Wbem;C:\Windows\System32\WindowsPowerShell\v1.0\;C:\Windows\System32\OpenSSH\;C:\Program Files\Git\cmd;C:\Program Files\nodejs\;C:\Program Files\node12\;C:\Users\User-Asus\AppData\Local\Android\Sdk\platform-tools;C:\Program Files\MongoDB\Server\5.0\bin;C:\Program Files\MongoDB\Tools\bin;C:\xampp\php;C:\ProgramData\ComposerSetup\bin;C:\Users\User-Asus\AppData\Local\Microsoft\WindowsApps;C:\Users\User-Asus\AppData\Local\Programs\Microsoft VS Code\bin;C:\Users\User-Asus\AppData\Roaming\npm;C:\Users\User-Asus\AppData\Local\Android\Sdk;C:\Users\User-Asus\AppData\Roaming\Composer\vendor\bin;."/>
    <property name="java.vm.info" value="mixed mode"/>
    <property name="java.vendor" value="Oracle Corporation"/>
    <property name="java.vm.version" value="25.60-b23"/>
    <property name="java.ext.dirs" value="C:\Program Files\Java\jdk1.8.0_60\jre\lib\ext;C:\Windows\Sun\Java\lib\ext"/>
    <property name="sun.io.unicode.encoding" value="UnicodeLittle"/>
    <property name="java.class.version" value="52.0"/>
  </properties>
  <testcase name="shouldAnswerWithTrue" classname="org.example.AppTest" time="0.004"/>
</testsuite>